  319039414_PROYECTOFINAL2026-1_GPO08.cpp
C:\Users\danie\OneDrive - Facultad de Ingeniería UNAM\Escritorio\FI\9 SEMESTRE\COMPU GRÁFICA\LAB\Proyecto\319039414_PROYECTOFINAL2026-1_GPO08\ProyectoFinal\319039414_PROYECTOFINAL2026-1_GPO08.cpp(286,24): warning C4244: 'inicializando': conversión de 'double' a 'GLfloat'; posible pérdida de datos
C:\Users\danie\OneDrive - Facultad de Ingeniería UNAM\Escritorio\FI\9 SEMESTRE\COMPU GRÁFICA\LAB\Proyecto\319039414_PROYECTOFINAL2026-1_GPO08\ProyectoFinal\319039414_PROYECTOFINAL2026-1_GPO08.cpp(324,21): warning C4244: '=': conversión de 'double' a 'T'; posible pérdida de datos
C:\Users\danie\OneDrive - Facultad de Ingeniería UNAM\Escritorio\FI\9 SEMESTRE\COMPU GRÁFICA\LAB\Proyecto\319039414_PROYECTOFINAL2026-1_GPO08\ProyectoFinal\319039414_PROYECTOFINAL2026-1_GPO08.cpp(324,21): warning C4244:         with
C:\Users\danie\OneDrive - Facultad de Ingeniería UNAM\Escritorio\FI\9 SEMESTRE\COMPU GRÁFICA\LAB\Proyecto\319039414_PROYECTOFINAL2026-1_GPO08\ProyectoFinal\319039414_PROYECTOFINAL2026-1_GPO08.cpp(324,21): warning C4244:         [
C:\Users\danie\OneDrive - Facultad de Ingeniería UNAM\Escritorio\FI\9 SEMESTRE\COMPU GRÁFICA\LAB\Proyecto\319039414_PROYECTOFINAL2026-1_GPO08\ProyectoFinal\319039414_PROYECTOFINAL2026-1_GPO08.cpp(324,21): warning C4244:             T=float
C:\Users\danie\OneDrive - Facultad de Ingeniería UNAM\Escritorio\FI\9 SEMESTRE\COMPU GRÁFICA\LAB\Proyecto\319039414_PROYECTOFINAL2026-1_GPO08\ProyectoFinal\319039414_PROYECTOFINAL2026-1_GPO08.cpp(324,21): warning C4244:         ]
C:\Users\danie\OneDrive - Facultad de Ingeniería UNAM\Escritorio\FI\9 SEMESTRE\COMPU GRÁFICA\LAB\Proyecto\319039414_PROYECTOFINAL2026-1_GPO08\ProyectoFinal\319039414_PROYECTOFINAL2026-1_GPO08.cpp(325,21): warning C4244: '=': conversión de 'double' a 'T'; posible pérdida de datos
C:\Users\danie\OneDrive - Facultad de Ingeniería UNAM\Escritorio\FI\9 SEMESTRE\COMPU GRÁFICA\LAB\Proyecto\319039414_PROYECTOFINAL2026-1_GPO08\ProyectoFinal\319039414_PROYECTOFINAL2026-1_GPO08.cpp(325,21): warning C4244:         with
C:\Users\danie\OneDrive - Facultad de Ingeniería UNAM\Escritorio\FI\9 SEMESTRE\COMPU GRÁFICA\LAB\Proyecto\319039414_PROYECTOFINAL2026-1_GPO08\ProyectoFinal\319039414_PROYECTOFINAL2026-1_GPO08.cpp(325,21): warning C4244:         [
C:\Users\danie\OneDrive - Facultad de Ingeniería UNAM\Escritorio\FI\9 SEMESTRE\COMPU GRÁFICA\LAB\Proyecto\319039414_PROYECTOFINAL2026-1_GPO08\ProyectoFinal\319039414_PROYECTOFINAL2026-1_GPO08.cpp(325,21): warning C4244:             T=float
C:\Users\danie\OneDrive - Facultad de Ingeniería UNAM\Escritorio\FI\9 SEMESTRE\COMPU GRÁFICA\LAB\Proyecto\319039414_PROYECTOFINAL2026-1_GPO08\ProyectoFinal\319039414_PROYECTOFINAL2026-1_GPO08.cpp(325,21): warning C4244:         ]
C:\Users\danie\OneDrive - Facultad de Ingeniería UNAM\Escritorio\FI\9 SEMESTRE\COMPU GRÁFICA\LAB\Proyecto\319039414_PROYECTOFINAL2026-1_GPO08\ProyectoFinal\319039414_PROYECTOFINAL2026-1_GPO08.cpp(326,21): warning C4244: '=': conversión de 'double' a 'T'; posible pérdida de datos
C:\Users\danie\OneDrive - Facultad de Ingeniería UNAM\Escritorio\FI\9 SEMESTRE\COMPU GRÁFICA\LAB\Proyecto\319039414_PROYECTOFINAL2026-1_GPO08\ProyectoFinal\319039414_PROYECTOFINAL2026-1_GPO08.cpp(326,21): warning C4244:         with
C:\Users\danie\OneDrive - Facultad de Ingeniería UNAM\Escritorio\FI\9 SEMESTRE\COMPU GRÁFICA\LAB\Proyecto\319039414_PROYECTOFINAL2026-1_GPO08\ProyectoFinal\319039414_PROYECTOFINAL2026-1_GPO08.cpp(326,21): warning C4244:         [
C:\Users\danie\OneDrive - Facultad de Ingeniería UNAM\Escritorio\FI\9 SEMESTRE\COMPU GRÁFICA\LAB\Proyecto\319039414_PROYECTOFINAL2026-1_GPO08\ProyectoFinal\319039414_PROYECTOFINAL2026-1_GPO08.cpp(326,21): warning C4244:             T=float
C:\Users\danie\OneDrive - Facultad de Ingeniería UNAM\Escritorio\FI\9 SEMESTRE\COMPU GRÁFICA\LAB\Proyecto\319039414_PROYECTOFINAL2026-1_GPO08\ProyectoFinal\319039414_PROYECTOFINAL2026-1_GPO08.cpp(326,21): warning C4244:         ]
C:\Users\danie\OneDrive - Facultad de Ingeniería UNAM\Escritorio\FI\9 SEMESTRE\COMPU GRÁFICA\LAB\Proyecto\319039414_PROYECTOFINAL2026-1_GPO08\ProyectoFinal\319039414_PROYECTOFINAL2026-1_GPO08.cpp(668,46): warning C4244: '=': conversión de 'double' a 'float'; posible pérdida de datos
C:\Users\danie\OneDrive - Facultad de Ingeniería UNAM\Escritorio\FI\9 SEMESTRE\COMPU GRÁFICA\LAB\Proyecto\319039414_PROYECTOFINAL2026-1_GPO08\ProyectoFinal\319039414_PROYECTOFINAL2026-1_GPO08.cpp(1135,11): warning C4244: '=': conversión de 'double' a 'GLfloat'; posible pérdida de datos
C:\Users\danie\OneDrive - Facultad de Ingeniería UNAM\Escritorio\FI\9 SEMESTRE\COMPU GRÁFICA\LAB\Proyecto\319039414_PROYECTOFINAL2026-1_GPO08\ProyectoFinal\319039414_PROYECTOFINAL2026-1_GPO08.cpp(1136,11): warning C4244: '=': conversión de 'double' a 'GLfloat'; posible pérdida de datos
C:\Users\danie\OneDrive - Facultad de Ingeniería UNAM\Escritorio\FI\9 SEMESTRE\COMPU GRÁFICA\LAB\Proyecto\319039414_PROYECTOFINAL2026-1_GPO08\ProyectoFinal\319039414_PROYECTOFINAL2026-1_GPO08.cpp(1140,18): warning C4244: 'inicializando': conversión de 'double' a 'GLfloat'; posible pérdida de datos
C:\Users\danie\OneDrive - Facultad de Ingeniería UNAM\Escritorio\FI\9 SEMESTRE\COMPU GRÁFICA\LAB\Proyecto\319039414_PROYECTOFINAL2026-1_GPO08\ProyectoFinal\319039414_PROYECTOFINAL2026-1_GPO08.cpp(1141,18): warning C4244: 'inicializando': conversión de 'double' a 'GLfloat'; posible pérdida de datos
C:\Users\danie\OneDrive - Facultad de Ingeniería UNAM\Escritorio\FI\9 SEMESTRE\COMPU GRÁFICA\LAB\Proyecto\319039414_PROYECTOFINAL2026-1_GPO08\ProyectoFinal\319039414_PROYECTOFINAL2026-1_GPO08.cpp(1143,10): warning C4244: '=': conversión de 'double' a 'GLfloat'; posible pérdida de datos
C:\Users\danie\OneDrive - Facultad de Ingeniería UNAM\Escritorio\FI\9 SEMESTRE\COMPU GRÁFICA\LAB\Proyecto\319039414_PROYECTOFINAL2026-1_GPO08\ProyectoFinal\319039414_PROYECTOFINAL2026-1_GPO08.cpp(1144,10): warning C4244: '=': conversión de 'double' a 'GLfloat'; posible pérdida de datos
soil2-debug.lib(SOIL2.obj) : warning LNK4075: se omite '/EDITANDCONTINUE' debido a la especificación '/OPT:ICF'
LINK : warning LNK4098: la biblioteca predeterminada'MSVCRTD' entra en conflicto con otras bibliotecas; use la biblioteca /NODEFAULTLIB:biblioteca
  Generando código
  Previous IPDB not found, fall back to full compilation.
  All 652 functions were compiled because no usable IPDB/IOBJ from previous compilation was found.
  Generación de código finalizada
soil2-debug.lib(etc1_utils.obj) : warning LNK4099: no se encontró PDB 'soil2-debug.pdb' con 'soil2-debug.lib(etc1_utils.obj)' o en 'C:\Users\danie\OneDrive - Facultad de Ingeniería UNAM\Escritorio\FI\9 SEMESTRE\COMPU GRÁFICA\LAB\Proyecto\319039414_PROYECTOFINAL2026-1_GPO08\Release\soil2-debug.pdb'; se vinculará el objeto sin tener en cuenta información de depuración
soil2-debug.lib(image_DXT.obj) : warning LNK4099: no se encontró PDB 'soil2-debug.pdb' con 'soil2-debug.lib(image_DXT.obj)' o en 'C:\Users\danie\OneDrive - Facultad de Ingeniería UNAM\Escritorio\FI\9 SEMESTRE\COMPU GRÁFICA\LAB\Proyecto\319039414_PROYECTOFINAL2026-1_GPO08\Release\soil2-debug.pdb'; se vinculará el objeto sin tener en cuenta información de depuración
soil2-debug.lib(image_helper.obj) : warning LNK4099: no se encontró PDB 'soil2-debug.pdb' con 'soil2-debug.lib(image_helper.obj)' o en 'C:\Users\danie\OneDrive - Facultad de Ingeniería UNAM\Escritorio\FI\9 SEMESTRE\COMPU GRÁFICA\LAB\Proyecto\319039414_PROYECTOFINAL2026-1_GPO08\Release\soil2-debug.pdb'; se vinculará el objeto sin tener en cuenta información de depuración
soil2-debug.lib(SOIL2.obj) : warning LNK4099: no se encontró PDB 'soil2-debug.pdb' con 'soil2-debug.lib(SOIL2.obj)' o en 'C:\Users\danie\OneDrive - Facultad de Ingeniería UNAM\Escritorio\FI\9 SEMESTRE\COMPU GRÁFICA\LAB\Proyecto\319039414_PROYECTOFINAL2026-1_GPO08\Release\soil2-debug.pdb'; se vinculará el objeto sin tener en cuenta información de depuración
  ProyectoFinal.vcxproj -> C:\Users\danie\OneDrive - Facultad de Ingeniería UNAM\Escritorio\FI\9 SEMESTRE\COMPU GRÁFICA\LAB\Proyecto\319039414_PROYECTOFINAL2026-1_GPO08\Release\ProyectoFinal.exe
